This is e-pTeX, Version 3.14159265-p3.8.3-191112-2.6 (utf8.euc) (TeX Live 2020) (preloaded format=platex 2020.8.22)  9 JAN 2021 07:30
entering extended mode
 restricted \write18 enabled.
 %&-line parsing enabled.
**thesis.tex
(./thesis.tex
pLaTeX2e <2020-04-12> (based on LaTeX2e <2020-02-02> patch level 5)
L3 programming layer <2020-08-07>
(/usr/local/texlive/2020/texmf-dist/tex/platex/jsclasses/jsarticle.cls
Document Class: jsarticle 2020/02/02 jsclasses (okumura, texjporg)
\jsc@mpt=\dimen150
\jsc@mmm=\dimen151
\jsc@smallskipamount=\skip47
LaTeX Info: Redefining \textmc on input line 496.
LaTeX Info: Redefining \textgt on input line 498.
\symmincho=\mathgroup4
LaTeX Font Info:    Overwriting symbol font `mincho' in version `bold'
(Font)                  JY1/mc/m/n --> JY1/gt/m/n on input line 560.
LaTeX Font Info:    Font shape `JT1/mc/m/n' will be
(Font)              scaled to size 9.60999pt on input line 751.
LaTeX Font Info:    Font shape `JY1/mc/m/n' will be
(Font)              scaled to size 9.60999pt on input line 751.
\fullwidth=\dimen152
LaTeX Font Info:    Font shape `JT1/mc/m/n' will be
(Font)              scaled to size 7.68799pt on input line 904.
LaTeX Font Info:    Font shape `JY1/mc/m/n' will be
(Font)              scaled to size 7.68799pt on input line 904.
\c@part=\count167
\c@section=\count168
\c@subsection=\count169
\c@subsubsection=\count170
\c@paragraph=\count171
\c@subparagraph=\count172
\@abstractbox=\box61
\c@figure=\count173
\c@table=\count174
\abovecaptionskip=\skip48
\belowcaptionskip=\skip49
\jsc@tocl@width=\dimen153
\@lnumwidth=\dimen154
\bibindent=\dimen155
(/usr/local/texlive/2020/texmf-dist/tex/platex/jsclasses/jslogo.sty
Package: jslogo 2019/07/25 okumura, texjporg
LaTeX Info: Redefining \TeX on input line 94.
LaTeX Info: Redefining \LaTeX on input line 147.
LaTeX Info: Redefining \LaTeXe on input line 200.
)
\heisei=\count175
)
(/usr/local/texlive/2020/texmf-dist/tex/latex/graphics/graphicx.sty
Package: graphicx 2019/11/30 v1.2a Enhanced LaTeX Graphics (DPC,SPQR)

(/usr/local/texlive/2020/texmf-dist/tex/latex/graphics/keyval.sty
Package: keyval 2014/10/28 v1.15 key=value parser (DPC)
\KV@toks@=\toks16
)
(/usr/local/texlive/2020/texmf-dist/tex/latex/graphics/graphics.sty
Package: graphics 2019/11/30 v1.4a Standard LaTeX Graphics (DPC,SPQR)

(/usr/local/texlive/2020/texmf-dist/tex/latex/graphics/trig.sty
Package: trig 2016/01/03 v1.10 sin cos tan (DPC)
)
(/usr/local/texlive/2020/texmf-dist/tex/latex/graphics-cfg/graphics.cfg
File: graphics.cfg 2016/06/04 v1.11 sample graphics configuration
)
Package graphics Info: Driver file: dvipdfmx.def on input line 105.

(/usr/local/texlive/2020/texmf-dist/tex/latex/graphics-def/dvipdfmx.def
File: dvipdfmx.def 2017/06/24 v5.0g Graphics/color driver for dvipdfmx
))
\Gin@req@height=\dimen156
\Gin@req@width=\dimen157
)
(/usr/local/texlive/2020/texmf-dist/tex/latex/url/url.sty
\Urlmuskip=\muskip16
Package: url 2013/09/16  ver 3.4  Verb mode for urls, etc.
)
(/usr/local/texlive/2020/texmf-dist/tex/latex/tools/enumerate.sty
Package: enumerate 2015/07/23 v3.00 enumerate extensions (DPC)
\@enLab=\toks17
)
(/usr/local/texlive/2020/texmf-dist/tex/latex/tools/tabularx.sty
Package: tabularx 2020/01/15 v2.11c `tabularx' package (DPC)

(/usr/local/texlive/2020/texmf-dist/tex/latex/tools/array.sty
Package: array 2019/08/31 v2.4l Tabular extension package (FMi)
\col@sep=\dimen158
\ar@mcellbox=\box62
\extrarowheight=\dimen159
\NC@list=\toks18
\extratabsurround=\skip50
\backup@length=\skip51
\ar@cellbox=\box63
)
\TX@col@width=\dimen160
\TX@old@table=\dimen161
\TX@old@col=\dimen162
\TX@target=\dimen163
\TX@delta=\dimen164
\TX@cols=\count176
\TX@ftn=\toks19
)
(/usr/local/texlive/2020/texmf-dist/tex/latex/l3backend/l3backend-dvips.def
File: l3backend-dvips.def 2020-08-07 L3 backend support: dvips
\l__pdf_internal_box=\box64
\g__pdf_backend_object_int=\count177
\l__pdf_backend_content_box=\box65
\l__pdf_backend_model_box=\box66
\g__pdf_backend_annotation_int=\count178
\g__pdf_backend_link_int=\count179
\g__pdf_backend_link_sf_int=\count180
)
(./thesis.aux (./cover.aux) (./chap0_abstract.aux) (./chap2_technology.aux)
(./chap3_research_content.aux) (./chap4_experiment.aux) (./acknowledgments.aux)
(./references.aux) (./appendix.aux))
\openout1 = `thesis.aux'.

LaTeX Font Info:    Checking defaults for OML/cmm/m/it on input line 7.
LaTeX Font Info:    ... okay on input line 7.
LaTeX Font Info:    Checking defaults for OMS/cmsy/m/n on input line 7.
LaTeX Font Info:    ... okay on input line 7.
LaTeX Font Info:    Checking defaults for OT1/cmr/m/n on input line 7.
LaTeX Font Info:    ... okay on input line 7.
LaTeX Font Info:    Checking defaults for T1/cmr/m/n on input line 7.
LaTeX Font Info:    ... okay on input line 7.
LaTeX Font Info:    Checking defaults for TS1/cmr/m/n on input line 7.
LaTeX Font Info:    ... okay on input line 7.
LaTeX Font Info:    Checking defaults for OMX/cmex/m/n on input line 7.
LaTeX Font Info:    ... okay on input line 7.
LaTeX Font Info:    Checking defaults for U/cmr/m/n on input line 7.
LaTeX Font Info:    ... okay on input line 7.
LaTeX Font Info:    Checking defaults for JY1/mc/m/n on input line 7.
LaTeX Font Info:    ... okay on input line 7.
LaTeX Font Info:    Checking defaults for JT1/mc/m/n on input line 7.
LaTeX Font Info:    ... okay on input line 7.
\openout2 = `cover.aux'.

 (./cover.tex
LaTeX Font Info:    Font shape `JT1/mc/m/n' will be
(Font)              scaled to size 11.53198pt on input line 9.
LaTeX Font Info:    Font shape `JY1/mc/m/n' will be
(Font)              scaled to size 11.53198pt on input line 9.
LaTeX Font Info:    Font shape `JT1/mc/m/n' will be
(Font)              scaled to size 16.60605pt on input line 10.
LaTeX Font Info:    Font shape `JY1/mc/m/n' will be
(Font)              scaled to size 16.60605pt on input line 10.
LaTeX Font Info:    Font shape `JT1/mc/m/n' will be
(Font)              scaled to size 23.90964pt on input line 14.
LaTeX Font Info:    Font shape `JY1/mc/m/n' will be
(Font)              scaled to size 23.90964pt on input line 14.
LaTeX Font Info:    External font `cmex10' loaded for size
(Font)              <24.88> on input line 14.
LaTeX Font Info:    External font `cmex10' loaded for size
(Font)              <20.74> on input line 14.
LaTeX Font Info:    External font `cmex10' loaded for size
(Font)              <17.28> on input line 14.
LaTeX Font Info:    Font shape `JY1/mc/m/n' will be
(Font)              scaled to size 19.9311pt on input line 14.

Overfull \hbox (5.54288pt too wide) in paragraph at lines 14--14
 [][]$[]$[] 
 []

LaTeX Font Info:    External font `cmex10' loaded for size
(Font)              <12> on input line 21.
LaTeX Font Info:    External font `cmex10' loaded for size
(Font)              <8> on input line 21.
LaTeX Font Info:    External font `cmex10' loaded for size
(Font)              <6> on input line 21.
LaTeX Font Info:    Font shape `JY1/mc/m/n' will be
(Font)              scaled to size 5.76599pt on input line 21.
) [1


]
\openout2 = `chap0_abstract.aux'.

 (./chap0_abstract.tex
LaTeX Font Info:    Font shape `JT1/mc/b/n' in size <10> not available
(Font)              Font shape `JT1/mc/bx/n' tried instead on input line 2.
LaTeX Font Info:    Font shape `JT1/mc/bx/n' in size <10> not available
(Font)              Font shape `JT1/gt/m/n' tried instead on input line 2.
LaTeX Font Info:    Font shape `JT1/gt/m/n' will be
(Font)              scaled to size 9.60999pt on input line 2.
LaTeX Font Info:    Font shape `JY1/mc/b/n' in size <10> not available
(Font)              Font shape `JY1/mc/bx/n' tried instead on input line 2.
LaTeX Font Info:    Font shape `JY1/mc/bx/n' in size <10> not available
(Font)              Font shape `JY1/gt/m/n' tried instead on input line 2.
LaTeX Font Info:    Font shape `JY1/gt/m/n' will be
(Font)              scaled to size 9.60999pt on input line 2.
LaTeX Font Info:    Font shape `JT1/mc/b/n' in size <14.4> not available
(Font)              Font shape `JT1/mc/bx/n' tried instead on input line 2.
LaTeX Font Info:    Font shape `JT1/mc/bx/n' in size <14.4> not available
(Font)              Font shape `JT1/gt/m/n' tried instead on input line 2.
LaTeX Font Info:    Font shape `JT1/gt/m/n' will be
(Font)              scaled to size 13.83836pt on input line 2.
LaTeX Font Info:    Font shape `JY1/mc/b/n' in size <14.4> not available
(Font)              Font shape `JY1/mc/bx/n' tried instead on input line 2.
LaTeX Font Info:    Font shape `JY1/mc/bx/n' in size <14.4> not available
(Font)              Font shape `JY1/gt/m/n' tried instead on input line 2.
LaTeX Font Info:    Font shape `JY1/gt/m/n' will be
(Font)              scaled to size 13.83836pt on input line 2.
) [2


]
LaTeX Font Info:    Font shape `JT1/mc/m/n' will be
(Font)              scaled to size 13.83836pt on input line 21.
LaTeX Font Info:    Font shape `JY1/mc/m/n' will be
(Font)              scaled to size 13.83836pt on input line 21.
 (./thesis.toc
LaTeX Font Info:    External font `cmex10' loaded for size
(Font)              <7> on input line 2.
LaTeX Font Info:    External font `cmex10' loaded for size
(Font)              <5> on input line 2.
LaTeX Font Info:    Font shape `JY1/mc/m/n' will be
(Font)              scaled to size 6.72699pt on input line 2.
LaTeX Font Info:    Font shape `JY1/mc/m/n' will be
(Font)              scaled to size 4.805pt on input line 2.
)
\tf@toc=\write3
\openout3 = `thesis.toc'.

 [3

] (./chap1_introduction.tex
LaTeX Font Info:    Font shape `JT1/gt/m/n' will be
(Font)              scaled to size 11.53198pt on input line 2.
LaTeX Font Info:    Font shape `JY1/gt/m/n' will be
(Font)              scaled to size 11.53198pt on input line 2.
)
[1]
\openout2 = `chap2_technology.aux'.

 (./chap2_technology.tex (./chap2_technology_docker.tex
File: namespace-crop.pdf Graphic file (type pdf)
<namespace-crop.pdf>
LaTeX Font Info:    Font shape `JT1/mc/m/n' will be
(Font)              scaled to size 8.64899pt on input line 17.
LaTeX Font Info:    Font shape `JY1/mc/m/n' will be
(Font)              scaled to size 8.64899pt on input line 17.
 [2

]
(/usr/local/texlive/2020/texmf-dist/tex/latex/base/omlcmr.fd)
Underfull \hbox (badness 10000) in paragraph at lines 82--82
[]|\OT1/cmr/m/n/10 docker \JY1/mc/m/n/10 イメ ージを
 []

) (./chap2_technology_golang.tex) (./chap2_technology_python.tex)
(./chap2_technology_postgresql.tex) (./chap2_technology_chart.tex)
(./chap2_technology_other.tex)) [3]
Overfull \vbox (23.03464pt too high) has occurred while \output is active []


[4]
\openout2 = `chap3_research_content.aux'.

 (./chap3_research_content.tex [5


] (./chap3_research_content_ref.tex)
(./chap3_research_content_sys.tex
File: system-crop.pdf Graphic file (type pdf)
<system-crop.pdf>
File: create_content-crop.pdf Graphic file (type pdf)
<create_content-crop.pdf>
File: toukei-crop.pdf Graphic file (type pdf)
<toukei-crop.pdf>
File: container_management-crop.pdf Graphic file (type pdf)
<container_management-crop.pdf>
File: naiyou-crop.pdf Graphic file (type pdf)
<naiyou-crop.pdf>
 [6] [7] [8]
File: client_arch-crop.pdf Graphic file (type pdf)
<client_arch-crop.pdf>
 [9]
File: server_arch-crop.pdf Graphic file (type pdf)
<server_arch-crop.pdf>
 [10] [11]
File: provider_flow-crop.pdf Graphic file (type pdf)
<provider_flow-crop.pdf>
File: learn_flow-crop.pdf Graphic file (type pdf)
<learn_flow-crop.pdf>
) [12]
(./chap3_research_content_fun1.tex
File: content_teikyou-crop.pdf Graphic file (type pdf)
<content_teikyou-crop.pdf>

Overfull \hbox (2.14778pt too wide) in paragraph at lines 11--11
 [] 
 []

File: tag-crop.pdf Graphic file (type pdf)
<tag-crop.pdf>
[13]
File: group_register-crop.pdf Graphic file (type pdf)
<group_register-crop.pdf>
 [14]
File: create_question-crop.pdf Graphic file (type pdf)
<create_question-crop.pdf>
 [15]) (./chap3_research_content_fun2.tex
File: toukei_ex-crop.pdf Graphic file (type pdf)
<toukei_ex-crop.pdf>
 [16]) [17]
(./chap3_research_content_fun3.tex
File: container_before-crop.pdf Graphic file (type pdf)
<container_before-crop.pdf>
File: container_after-crop.pdf Graphic file (type pdf)
<container_after-crop.pdf>
)) [18]
\openout2 = `chap4_experiment.aux'.

 (./chap4_experiment.tex
File: result_all-crop.pdf Graphic file (type pdf)
<result_all-crop.pdf>
 [19


]
File: result-crop.pdf Graphic file (type pdf)
<result-crop.pdf>
)
[20] (./chap5_conclusion.tex) [21

]
\openout2 = `acknowledgments.aux'.

 (./acknowledgments.tex) [22

]
\openout2 = `references.aux'.


(./references.tex (./thesis.bbl)) [23


]
\openout2 = `appendix.aux'.

 (./appendix.tex) [24


] (./thesis.aux
(./cover.aux) (./chap0_abstract.aux) (./chap2_technology.aux)
(./chap3_research_content.aux) (./chap4_experiment.aux) (./acknowledgments.aux)
(./references.aux) (./appendix.aux)) ) 
Here is how much of TeX's memory you used:
 1512 strings out of 482885
 22999 string characters out of 5957543
 268281 words of memory out of 5000000
 17064 multiletter control sequences out of 15000+600000
 549914 words of font info for 96 fonts, out of 8000000 for 9000
 19 hyphenation exceptions out of 8191
 36i,13n,33p,421b,359s stack positions out of 5000i,500n,10000p,200000b,80000s

Output written on thesis.dvi (27 pages, 56896 bytes).
